

Version:	3.50
CmdLine:	C:\Users\rujim\Documents\Proyects\mediaTracker\Mediaverse.exe --l4j-debug
JNI:		No
WOW64:		Yes
Working dir:	C:\Users\rujim\Documents\Proyects\mediaTracker\.
Requires JDK:	No
Requires 64-Bit: Yes
Java min ver:	
Java max ver:	
JRE paths:	C:\Users\rujim\Desktop\jdk-25_windows-x64_bin\jdk-25
Check launcher:	C:\Users\rujim\Desktop\jdk-25_windows-x64_bin\jdk-25\bin\javaw.exe (not found)
Error msg:	This application requires a Java Runtime Environment.


Version:	3.50
CmdLine:	C:\Users\rujim\Documents\Proyects\mediaTracker\Mediaverse.exe --l4j-debug
JNI:		No
WOW64:		Yes
Working dir:	C:\Users\rujim\Documents\Proyects\mediaTracker\.
Requires JDK:	No
Requires 64-Bit: Yes
Java min ver:	
Java max ver:	
JRE paths:	C:\Users\rujim\Desktop\jdk-25_windows-x64_bin\jdk-25
Check launcher:	C:\Users\rujim\Desktop\jdk-25_windows-x64_bin\jdk-25\bin\javaw.exe (not found)
Error msg:	This application requires a Java Runtime Environment.


Version:	3.50
CmdLine:	C:\Users\rujim\Documents\Proyects\mediaTracker\Mediaverse.exe --l4j-debug
JNI:		No
WOW64:		Yes
Working dir:	C:\Users\rujim\Documents\Proyects\mediaTracker\.
Requires JDK:	No
Requires 64-Bit: Yes
Java min ver:	
Java max ver:	
JRE paths:	C:\Users\rujim\Desktop\jdk-25_windows-x64_bin\jdk-25
Check launcher:	C:\Users\rujim\Desktop\jdk-25_windows-x64_bin\jdk-25\bin\javaw.exe (not found)
Error msg:	This application requires a Java Runtime Environment.


Version:	3.50
CmdLine:	C:\Users\rujim\Documents\Proyects\mediaTracker\Mediaverse.exe --l4j-debug
JNI:		No
WOW64:		Yes
Working dir:	C:\Users\rujim\Documents\Proyects\mediaTracker\.
Requires JDK:	No
Requires 64-Bit: Yes
Java min ver:	
Java max ver:	
JRE paths:	C:\Users\rujim\Desktop\jdk-25_windows-x64_bin\jdk-25
Check launcher:	C:\Users\rujim\Desktop\jdk-25_windows-x64_bin\jdk-25\bin\javaw.exe (not found)
Error msg:	This application requires a Java Runtime Environment.


Version:	3.50
CmdLine:	C:\Users\rujim\Documents\Proyects\mediaTracker\Mediaverse.exe --l4j-debug
JNI:		No
WOW64:		Yes
Working dir:	C:\Users\rujim\Documents\Proyects\mediaTracker\.
Requires JDK:	No
Requires 64-Bit: Yes
Java min ver:	
Java max ver:	
JRE paths:	C:\Users\rujim\Desktop\jdk-25_windows-x64_bin\jdk-25
Check launcher:	C:\Users\rujim\Desktop\jdk-25_windows-x64_bin\jdk-25\bin\javaw.exe (not found)
Error msg:	This application requires a Java Runtime Environment.


Version:	3.50
CmdLine:	C:\Users\rujim\Documents\Proyects\mediaTracker\Mediaverse.exe --l4j-debug
JNI:		No
WOW64:		Yes
Working dir:	C:\Users\rujim\Documents\Proyects\mediaTracker\.
Requires JDK:	No
Requires 64-Bit: Yes
Java min ver:	
Java max ver:	
JRE paths:	C:\Users\rujim\Desktop\jdk-25_windows-x64_bin\jdk-25
Check launcher:	C:\Users\rujim\Desktop\jdk-25_windows-x64_bin\jdk-25\bin\javaw.exe (not found)
Error msg:	This application requires a Java Runtime Environment.
